C51 COMPILER V9.60.0.0   LAB1_C                                                            08/04/2021 20:30:08 PAGE 1   


C51 COMPILER V9.60.0.0, COMPILATION OF MODULE LAB1_C
OBJECT MODULE PLACED IN .\Objects\lab1_c.obj
COMPILER INVOKED BY: C:\Program Files\Keil_v5\C51\BIN\C51.EXE lab1_c.c OPTIMIZE(8,SPEED) BROWSE DEBUG OBJECTEXTEND PRINT
                    -(.\Listings\lab1_c.lst) TABS(2) OBJECT(.\Objects\lab1_c.obj)

line level    source

   1          #include <reg51.h>
   2          
   3          void delay(unsigned int x){
   4   1        int i;
   5   1        for (i=0;i<x;i++);
   6   1      }
   7          sbit led0 = P0^0;
   8          sbit led1 = P0^1;
   9          sbit led2 = P0^2;
  10          
  11          void toggle_led0(int timer){
  12   1        if ((timer % 500) == 0){
  13   2          led0 =~ led0;
  14   2        }
  15   1      }
  16          
  17          void toggle_led1(int timer){
  18   1        if ((timer % 1000) == 0){
  19   2          led1 =~ led1;
  20   2        }
  21   1      }
  22          
  23          void toggle_led2(int timer){
  24   1        if ((timer % 1300) == 0){
  25   2          led2 =~ led2;
  26   2        }
  27   1      }
  28          
  29          void main(){
  30   1        while(1){
  31   2          int time;
  32   2          for (time=0;time<13000;time++){
  33   3            toggle_led0(time);
  34   3            toggle_led1(time);
  35   3            toggle_led2(time);
  36   3          }
  37   2        }
  38   1      }


MODULE INFORMATION:   STATIC OVERLAYABLE
   CODE SIZE        =    107    ----
   CONSTANT SIZE    =   ----    ----
   XDATA SIZE       =   ----    ----
   PDATA SIZE       =   ----    ----
   DATA SIZE        =   ----       2
   IDATA SIZE       =   ----    ----
   BIT SIZE         =   ----    ----
END OF MODULE INFORMATION.


C51 COMPILATION COMPLETE.  0 WARNING(S),  0 ERROR(S)
